2026-01-01 12:49:51,277 - fund_analyzer - INFO - 初始化基金信号分析器，报告日期：2026-01-01
2026-01-01 12:49:51,277 - fund_analyzer - INFO - ================================================================================
2026-01-01 12:49:51,278 - fund_analyzer - INFO - 基金信号分析系统开始运行
2026-01-01 12:49:51,279 - fund_analyzer - INFO - 报告日期：2026-01-01
2026-01-01 12:49:51,279 - fund_analyzer - INFO - 保留天数：10
2026-01-01 12:49:51,279 - fund_analyzer - INFO - ================================================================================
2026-01-01 12:49:51,280 - fund_analyzer - INFO - 使用默认基金列表，共5个基金
2026-01-01 12:49:51,280 - fund_analyzer - INFO - 待分析基金代码：['000001', '110022', '710001', '161725', '519066']
2026-01-01 12:49:51,281 - fund_analyzer - INFO - 开始分析基金...
2026-01-01 12:49:51,281 - fund_analyzer - DEBUG - 开始分析第1/5个基金：000001
2026-01-01 12:49:51,281 - fund_analyzer - INFO - 开始分析基金：000001
2026-01-01 12:49:51,283 - fund_analyzer - INFO - 开始获取基金000001历史数据
2026-01-01 12:49:51,285 - fund_analyzer - DEBUG - 调用akshare获取基金000001单位净值走势
2026-01-01 12:49:52,110 - fund_analyzer - DEBUG - 原始数据获取成功，共5836条记录
2026-01-01 12:49:52,111 - fund_analyzer - DEBUG - 原始数据字段：['净值日期', '单位净值', '日增长率']
2026-01-01 12:49:52,111 - fund_analyzer - DEBUG - 开始数据清洗和处理
2026-01-01 12:49:52,112 - fund_analyzer - DEBUG - 净值日期转换为datetime类型完成
2026-01-01 12:49:52,113 - fund_analyzer - DEBUG - 按净值日期排序完成
2026-01-01 12:49:52,113 - fund_analyzer - DEBUG - 字段重命名完成
2026-01-01 12:49:52,113 - fund_analyzer - DEBUG - 添加基金基本信息
2026-01-01 12:49:52,113 - fund_analyzer - DEBUG - 开始获取基金000001基本信息
2026-01-01 12:50:01,745 - fund_analyzer - DEBUG - 获取基金列表成功，共25917条记录
2026-01-01 12:50:01,748 - fund_analyzer - DEBUG - 基金000001基本信息获取成功：名称=华夏成长混合, 类型=混合型-灵活
2026-01-01 12:50:01,753 - fund_analyzer - DEBUG - 基金基本信息添加完成：代码=000001, 名称=华夏成长混合, 类型=混合型-灵活
2026-01-01 12:50:01,754 - fund_analyzer - INFO - 基金000001数据获取成功，共5836条记录
2026-01-01 12:50:01,754 - fund_analyzer - DEBUG - 最终数据字段：['净值日期', '最新净值', '日增长率%', '基金代码', '基金名称', '基金类型']
2026-01-01 12:50:01,754 - fund_analyzer - INFO - 开始计算基金000001技术指标和信号
2026-01-01 12:50:01,755 - fund_analyzer - DEBUG - 计算移动平均线指标
2026-01-01 12:50:01,756 - fund_analyzer - DEBUG - MA5和MA10计算完成
2026-01-01 12:50:01,756 - fund_analyzer - DEBUG - 生成均线信号
2026-01-01 12:50:01,758 - fund_analyzer - INFO - 均线信号生成完成：买入信号298个，卖出信号295个
2026-01-01 12:50:01,759 - fund_analyzer - DEBUG - 计算RSI指标
2026-01-01 12:50:01,763 - fund_analyzer - DEBUG - RSI计算完成，当前值：61.69
2026-01-01 12:50:01,763 - fund_analyzer - DEBUG - 生成RSI信号
2026-01-01 12:50:01,765 - fund_analyzer - INFO - RSI信号生成完成：买入信号179个，卖出信号221个
2026-01-01 12:50:01,766 - fund_analyzer - DEBUG - 计算MACD指标
2026-01-01 12:50:01,772 - fund_analyzer - DEBUG - MACD计算完成，当前值：0.0104
2026-01-01 12:50:01,772 - fund_analyzer - DEBUG - 生成MACD信号
2026-01-01 12:50:01,776 - fund_analyzer - INFO - MACD信号生成完成：买入信号0个，卖出信号0个
2026-01-01 12:50:01,776 - fund_analyzer - DEBUG - 计算CCI指标
2026-01-01 12:50:03,237 - fund_analyzer - DEBUG - CCI计算完成，当前值：108.51
2026-01-01 12:50:03,237 - fund_analyzer - DEBUG - 生成CCI信号
2026-01-01 12:50:03,239 - fund_analyzer - INFO - CCI信号生成完成：买入信号305个，卖出信号343个
2026-01-01 12:50:03,240 - fund_analyzer - DEBUG - 计算布林带指标
2026-01-01 12:50:03,242 - fund_analyzer - DEBUG - 布林带计算完成，当前中轨：1.0587
2026-01-01 12:50:03,242 - fund_analyzer - DEBUG - 生成布林带信号
2026-01-01 12:50:03,244 - fund_analyzer - INFO - 布林带信号生成完成：机会买入328个，提示风险292个，
2026-01-01 12:50:03,246 - fund_analyzer - INFO - 穿越买入171个，穿越卖出160个
2026-01-01 12:50:03,247 - fund_analyzer - DEBUG - 记录最终信号分布
2026-01-01 12:50:03,251 - fund_analyzer - INFO - 基金000001在2025-12-31的最终信号：{'均线信号': '持有', 'RSI信号': '持有', 'macd信号': '持有', 'cci信号': '持有', '布林带信号': '持有'}
2026-01-01 12:50:03,254 - fund_analyzer - INFO - 基金000001技术指标计算和信号生成完成
2026-01-01 12:50:03,255 - fund_analyzer - INFO - 开始创建基金000001信号明细表格
2026-01-01 12:50:03,255 - fund_analyzer - DEBUG - 定义需要保留的字段列表
2026-01-01 12:50:03,256 - fund_analyzer - DEBUG - 检查数据中存在的字段
2026-01-01 12:50:03,256 - fund_analyzer - INFO - 保留字段：['基金代码', '基金名称', '基金类型', '净值日期', '均线信号', 'RSI', 'RSI信号', 'MACD', 'cci值', 'cci信号', 'macd值', 'macd信号', '布林带下轨值', '布林带中轨值', '布林带上轨值', '布林带信号']
2026-01-01 12:50:03,256 - fund_analyzer - DEBUG - 创建信号表格副本
2026-01-01 12:50:03,261 - fund_analyzer - DEBUG - 信号表格创建成功，初始行数：5836
2026-01-01 12:50:03,261 - fund_analyzer - DEBUG - 格式化净值日期为字符串格式
2026-01-01 12:50:03,269 - fund_analyzer - DEBUG - 添加报告日期：2026-01-01
2026-01-01 12:50:03,271 - fund_analyzer - INFO - 基金000001信号明细表格创建完成，共5836条记录
2026-01-01 12:50:03,272 - fund_analyzer - DEBUG - 最终表格字段：['基金代码', '基金名称', '基金类型', '净值日期', '均线信号', 'RSI', 'RSI信号', 'MACD', 'cci值', 'cci信号', 'macd值', 'macd信号', '布林带下轨值', '布林带中轨值', '布林带上轨值', '布林带信号', '报告日期']
2026-01-01 12:50:03,272 - fund_analyzer - INFO - 基金000001分析完成
2026-01-01 12:50:03,273 - fund_analyzer - DEBUG - 基金000001分析成功，添加到结果列表
2026-01-01 12:50:03,275 - fund_analyzer - DEBUG - 过滤基金000001近10天的数据
2026-01-01 12:50:03,281 - fund_analyzer - DEBUG - 最大日期：2025-12-31，截止日期：2025-12-21
2026-01-01 12:50:03,281 - fund_analyzer - INFO - 基金000001数据过滤：8/5836条记录保留
2026-01-01 12:50:03,288 - fund_analyzer - DEBUG - 基金000001信号数据已添加到总列表
2026-01-01 12:50:03,288 - fund_analyzer - DEBUG - 等待0.5秒，避免API请求过快
2026-01-01 12:50:03,788 - fund_analyzer - DEBUG - 开始分析第2/5个基金：110022
2026-01-01 12:50:03,788 - fund_analyzer - INFO - 开始分析基金：110022
2026-01-01 12:50:03,789 - fund_analyzer - INFO - 开始获取基金110022历史数据
2026-01-01 12:50:03,789 - fund_analyzer - DEBUG - 调用akshare获取基金110022单位净值走势
2026-01-01 12:50:04,236 - fund_analyzer - DEBUG - 原始数据获取成功，共3716条记录
2026-01-01 12:50:04,236 - fund_analyzer - DEBUG - 原始数据字段：['净值日期', '单位净值', '日增长率']
2026-01-01 12:50:04,236 - fund_analyzer - DEBUG - 开始数据清洗和处理
2026-01-01 12:50:04,237 - fund_analyzer - DEBUG - 净值日期转换为datetime类型完成
2026-01-01 12:50:04,238 - fund_analyzer - DEBUG - 按净值日期排序完成
2026-01-01 12:50:04,238 - fund_analyzer - DEBUG - 字段重命名完成
2026-01-01 12:50:04,238 - fund_analyzer - DEBUG - 添加基金基本信息
2026-01-01 12:50:04,238 - fund_analyzer - DEBUG - 开始获取基金110022基本信息
2026-01-01 12:50:14,130 - fund_analyzer - DEBUG - 获取基金列表成功，共25917条记录
2026-01-01 12:50:14,132 - fund_analyzer - DEBUG - 基金110022基本信息获取成功：名称=易方达消费行业股票, 类型=股票型
2026-01-01 12:50:14,137 - fund_analyzer - DEBUG - 基金基本信息添加完成：代码=110022, 名称=易方达消费行业股票, 类型=股票型
2026-01-01 12:50:14,137 - fund_analyzer - INFO - 基金110022数据获取成功，共3716条记录
2026-01-01 12:50:14,137 - fund_analyzer - DEBUG - 最终数据字段：['净值日期', '最新净值', '日增长率%', '基金代码', '基金名称', '基金类型']
2026-01-01 12:50:14,137 - fund_analyzer - INFO - 开始计算基金110022技术指标和信号
2026-01-01 12:50:14,138 - fund_analyzer - DEBUG - 计算移动平均线指标
2026-01-01 12:50:14,139 - fund_analyzer - DEBUG - MA5和MA10计算完成
2026-01-01 12:50:14,139 - fund_analyzer - DEBUG - 生成均线信号
2026-01-01 12:50:14,141 - fund_analyzer - INFO - 均线信号生成完成：买入信号203个，卖出信号205个
2026-01-01 12:50:14,141 - fund_analyzer - DEBUG - 计算RSI指标
2026-01-01 12:50:14,144 - fund_analyzer - DEBUG - RSI计算完成，当前值：37.27
2026-01-01 12:50:14,144 - fund_analyzer - DEBUG - 生成RSI信号
2026-01-01 12:50:14,146 - fund_analyzer - INFO - RSI信号生成完成：买入信号97个，卖出信号136个
2026-01-01 12:50:14,146 - fund_analyzer - DEBUG - 计算MACD指标
2026-01-01 12:50:14,150 - fund_analyzer - DEBUG - MACD计算完成，当前值：-0.0265
2026-01-01 12:50:14,150 - fund_analyzer - DEBUG - 生成MACD信号
2026-01-01 12:50:14,153 - fund_analyzer - INFO - MACD信号生成完成：买入信号0个，卖出信号0个
2026-01-01 12:50:14,153 - fund_analyzer - DEBUG - 计算CCI指标
2026-01-01 12:50:15,172 - fund_analyzer - DEBUG - CCI计算完成，当前值：-170.25
2026-01-01 12:50:15,172 - fund_analyzer - DEBUG - 生成CCI信号
2026-01-01 12:50:15,174 - fund_analyzer - INFO - CCI信号生成完成：买入信号199个，卖出信号205个
2026-01-01 12:50:15,175 - fund_analyzer - DEBUG - 计算布林带指标
2026-01-01 12:50:15,177 - fund_analyzer - DEBUG - 布林带计算完成，当前中轨：3.4994500000000004
2026-01-01 12:50:15,177 - fund_analyzer - DEBUG - 生成布林带信号
2026-01-01 12:50:15,181 - fund_analyzer - INFO - 布林带信号生成完成：机会买入153个，提示风险235个，
2026-01-01 12:50:15,182 - fund_analyzer - INFO - 穿越买入90个，穿越卖出114个
2026-01-01 12:50:15,182 - fund_analyzer - DEBUG - 记录最终信号分布
2026-01-01 12:50:15,184 - fund_analyzer - INFO - 基金110022在2025-12-31的最终信号：{'均线信号': '持有', 'RSI信号': '持有', 'macd信号': '持有', 'cci信号': '持有', '布林带信号': '持有'}
2026-01-01 12:50:15,185 - fund_analyzer - INFO - 基金110022技术指标计算和信号生成完成
2026-01-01 12:50:15,187 - fund_analyzer - INFO - 开始创建基金110022信号明细表格
2026-01-01 12:50:15,187 - fund_analyzer - DEBUG - 定义需要保留的字段列表
2026-01-01 12:50:15,187 - fund_analyzer - DEBUG - 检查数据中存在的字段
2026-01-01 12:50:15,188 - fund_analyzer - INFO - 保留字段：['基金代码', '基金名称', '基金类型', '净值日期', '均线信号', 'RSI', 'RSI信号', 'MACD', 'cci值', 'cci信号', 'macd值', 'macd信号', '布林带下轨值', '布林带中轨值', '布林带上轨值', '布林带信号']
2026-01-01 12:50:15,189 - fund_analyzer - DEBUG - 创建信号表格副本
2026-01-01 12:50:15,193 - fund_analyzer - DEBUG - 信号表格创建成功，初始行数：3716
2026-01-01 12:50:15,194 - fund_analyzer - DEBUG - 格式化净值日期为字符串格式
2026-01-01 12:50:15,206 - fund_analyzer - DEBUG - 添加报告日期：2026-01-01
2026-01-01 12:50:15,206 - fund_analyzer - INFO - 基金110022信号明细表格创建完成，共3716条记录
2026-01-01 12:50:15,207 - fund_analyzer - DEBUG - 最终表格字段：['基金代码', '基金名称', '基金类型', '净值日期', '均线信号', 'RSI', 'RSI信号', 'MACD', 'cci值', 'cci信号', 'macd值', 'macd信号', '布林带下轨值', '布林带中轨值', '布林带上轨值', '布林带信号', '报告日期']
2026-01-01 12:50:15,207 - fund_analyzer - INFO - 基金110022分析完成
2026-01-01 12:50:15,207 - fund_analyzer - DEBUG - 基金110022分析成功，添加到结果列表
2026-01-01 12:50:15,209 - fund_analyzer - DEBUG - 过滤基金110022近10天的数据
2026-01-01 12:50:15,220 - fund_analyzer - DEBUG - 最大日期：2025-12-31，截止日期：2025-12-21
2026-01-01 12:50:15,221 - fund_analyzer - INFO - 基金110022数据过滤：8/3716条记录保留
2026-01-01 12:50:15,222 - fund_analyzer - DEBUG - 基金110022信号数据已添加到总列表
2026-01-01 12:50:15,222 - fund_analyzer - DEBUG - 等待0.5秒，避免API请求过快
2026-01-01 12:50:15,723 - fund_analyzer - DEBUG - 开始分析第3/5个基金：710001
2026-01-01 12:50:15,723 - fund_analyzer - INFO - 开始分析基金：710001
2026-01-01 12:50:15,724 - fund_analyzer - INFO - 开始获取基金710001历史数据
2026-01-01 12:50:15,724 - fund_analyzer - DEBUG - 调用akshare获取基金710001单位净值走势
2026-01-01 12:50:16,343 - fund_analyzer - DEBUG - 原始数据获取成功，共3465条记录
2026-01-01 12:50:16,344 - fund_analyzer - DEBUG - 原始数据字段：['净值日期', '单位净值', '日增长率']
2026-01-01 12:50:16,344 - fund_analyzer - DEBUG - 开始数据清洗和处理
2026-01-01 12:50:16,344 - fund_analyzer - DEBUG - 净值日期转换为datetime类型完成
2026-01-01 12:50:16,346 - fund_analyzer - DEBUG - 按净值日期排序完成
2026-01-01 12:50:16,346 - fund_analyzer - DEBUG - 字段重命名完成
2026-01-01 12:50:16,346 - fund_analyzer - DEBUG - 添加基金基本信息
2026-01-01 12:50:16,346 - fund_analyzer - DEBUG - 开始获取基金710001基本信息
2026-01-01 12:50:25,638 - fund_analyzer - DEBUG - 获取基金列表成功，共25917条记录
2026-01-01 12:50:25,641 - fund_analyzer - DEBUG - 基金710001基本信息获取成功：名称=富安达优势成长混合A, 类型=混合型-偏股
2026-01-01 12:50:25,648 - fund_analyzer - DEBUG - 基金基本信息添加完成：代码=710001, 名称=富安达优势成长混合A, 类型=混合型-偏股
2026-01-01 12:50:25,648 - fund_analyzer - INFO - 基金710001数据获取成功，共3465条记录
2026-01-01 12:50:25,648 - fund_analyzer - DEBUG - 最终数据字段：['净值日期', '最新净值', '日增长率%', '基金代码', '基金名称', '基金类型']
2026-01-01 12:50:25,648 - fund_analyzer - INFO - 开始计算基金710001技术指标和信号
2026-01-01 12:50:25,649 - fund_analyzer - DEBUG - 计算移动平均线指标
2026-01-01 12:50:25,650 - fund_analyzer - DEBUG - MA5和MA10计算完成
2026-01-01 12:50:25,650 - fund_analyzer - DEBUG - 生成均线信号
2026-01-01 12:50:25,652 - fund_analyzer - INFO - 均线信号生成完成：买入信号202个，卖出信号201个
2026-01-01 12:50:25,653 - fund_analyzer - DEBUG - 计算RSI指标
2026-01-01 12:50:25,657 - fund_analyzer - DEBUG - RSI计算完成，当前值：54.24
2026-01-01 12:50:25,657 - fund_analyzer - DEBUG - 生成RSI信号
2026-01-01 12:50:25,660 - fund_analyzer - INFO - RSI信号生成完成：买入信号104个，卖出信号132个
2026-01-01 12:50:25,661 - fund_analyzer - DEBUG - 计算MACD指标
2026-01-01 12:50:25,664 - fund_analyzer - DEBUG - MACD计算完成，当前值：0.0224
2026-01-01 12:50:25,664 - fund_analyzer - DEBUG - 生成MACD信号
2026-01-01 12:50:25,669 - fund_analyzer - INFO - MACD信号生成完成：买入信号0个，卖出信号0个
2026-01-01 12:50:25,669 - fund_analyzer - DEBUG - 计算CCI指标
2026-01-01 12:50:26,789 - fund_analyzer - DEBUG - CCI计算完成，当前值：52.24
2026-01-01 12:50:26,789 - fund_analyzer - DEBUG - 生成CCI信号
2026-01-01 12:50:26,791 - fund_analyzer - INFO - CCI信号生成完成：买入信号169个，卖出信号219个
2026-01-01 12:50:26,794 - fund_analyzer - DEBUG - 计算布林带指标
2026-01-01 12:50:26,796 - fund_analyzer - DEBUG - 布林带计算完成，当前中轨：4.49629
2026-01-01 12:50:26,796 - fund_analyzer - DEBUG - 生成布林带信号
2026-01-01 12:50:26,799 - fund_analyzer - INFO - 布林带信号生成完成：机会买入168个，提示风险186个，
2026-01-01 12:50:26,800 - fund_analyzer - INFO - 穿越买入88个，穿越卖出103个
2026-01-01 12:50:26,800 - fund_analyzer - DEBUG - 记录最终信号分布
2026-01-01 12:50:26,801 - fund_analyzer - INFO - 基金710001在2025-12-31的最终信号：{'均线信号': '持有', 'RSI信号': '持有', 'macd信号': '持有', 'cci信号': '持有', '布林带信号': '持有'}
2026-01-01 12:50:26,802 - fund_analyzer - INFO - 基金710001技术指标计算和信号生成完成
2026-01-01 12:50:26,802 - fund_analyzer - INFO - 开始创建基金710001信号明细表格
2026-01-01 12:50:26,802 - fund_analyzer - DEBUG - 定义需要保留的字段列表
2026-01-01 12:50:26,803 - fund_analyzer - DEBUG - 检查数据中存在的字段
2026-01-01 12:50:26,803 - fund_analyzer - INFO - 保留字段：['基金代码', '基金名称', '基金类型', '净值日期', '均线信号', 'RSI', 'RSI信号', 'MACD', 'cci值', 'cci信号', 'macd值', 'macd信号', '布林带下轨值', '布林带中轨值', '布林带上轨值', '布林带信号']
2026-01-01 12:50:26,803 - fund_analyzer - DEBUG - 创建信号表格副本
2026-01-01 12:50:26,806 - fund_analyzer - DEBUG - 信号表格创建成功，初始行数：3465
2026-01-01 12:50:26,806 - fund_analyzer - DEBUG - 格式化净值日期为字符串格式
2026-01-01 12:50:26,812 - fund_analyzer - DEBUG - 添加报告日期：2026-01-01
2026-01-01 12:50:26,813 - fund_analyzer - INFO - 基金710001信号明细表格创建完成，共3465条记录
2026-01-01 12:50:26,813 - fund_analyzer - DEBUG - 最终表格字段：['基金代码', '基金名称', '基金类型', '净值日期', '均线信号', 'RSI', 'RSI信号', 'MACD', 'cci值', 'cci信号', 'macd值', 'macd信号', '布林带下轨值', '布林带中轨值', '布林带上轨值', '布林带信号', '报告日期']
2026-01-01 12:50:26,813 - fund_analyzer - INFO - 基金710001分析完成
2026-01-01 12:50:26,814 - fund_analyzer - DEBUG - 基金710001分析成功，添加到结果列表
2026-01-01 12:50:26,815 - fund_analyzer - DEBUG - 过滤基金710001近10天的数据
2026-01-01 12:50:26,820 - fund_analyzer - DEBUG - 最大日期：2025-12-31，截止日期：2025-12-21
2026-01-01 12:50:26,821 - fund_analyzer - INFO - 基金710001数据过滤：8/3465条记录保留
2026-01-01 12:50:26,823 - fund_analyzer - DEBUG - 基金710001信号数据已添加到总列表
2026-01-01 12:50:26,823 - fund_analyzer - DEBUG - 等待0.5秒，避免API请求过快
2026-01-01 12:50:27,323 - fund_analyzer - DEBUG - 开始分析第4/5个基金：161725
2026-01-01 12:50:27,323 - fund_analyzer - INFO - 开始分析基金：161725
2026-01-01 12:50:27,324 - fund_analyzer - INFO - 开始获取基金161725历史数据
2026-01-01 12:50:27,324 - fund_analyzer - DEBUG - 调用akshare获取基金161725单位净值走势
2026-01-01 12:50:27,890 - fund_analyzer - DEBUG - 原始数据获取成功，共2583条记录
2026-01-01 12:50:27,890 - fund_analyzer - DEBUG - 原始数据字段：['净值日期', '单位净值', '日增长率']
2026-01-01 12:50:27,890 - fund_analyzer - DEBUG - 开始数据清洗和处理
2026-01-01 12:50:27,890 - fund_analyzer - DEBUG - 净值日期转换为datetime类型完成
2026-01-01 12:50:27,891 - fund_analyzer - DEBUG - 按净值日期排序完成
2026-01-01 12:50:27,892 - fund_analyzer - DEBUG - 字段重命名完成
2026-01-01 12:50:27,892 - fund_analyzer - DEBUG - 添加基金基本信息
2026-01-01 12:50:27,892 - fund_analyzer - DEBUG - 开始获取基金161725基本信息
2026-01-01 12:50:38,664 - fund_analyzer - DEBUG - 获取基金列表成功，共25917条记录
2026-01-01 12:50:38,666 - fund_analyzer - DEBUG - 基金161725基本信息获取成功：名称=招商中证白酒指数(LOF)A, 类型=指数型-股票
2026-01-01 12:50:38,671 - fund_analyzer - DEBUG - 基金基本信息添加完成：代码=161725, 名称=招商中证白酒指数(LOF)A, 类型=指数型-股票
2026-01-01 12:50:38,672 - fund_analyzer - INFO - 基金161725数据获取成功，共2583条记录
2026-01-01 12:50:38,672 - fund_analyzer - DEBUG - 最终数据字段：['净值日期', '最新净值', '日增长率%', '基金代码', '基金名称', '基金类型']
2026-01-01 12:50:38,672 - fund_analyzer - INFO - 开始计算基金161725技术指标和信号
2026-01-01 12:50:38,672 - fund_analyzer - DEBUG - 计算移动平均线指标
2026-01-01 12:50:38,674 - fund_analyzer - DEBUG - MA5和MA10计算完成
2026-01-01 12:50:38,674 - fund_analyzer - DEBUG - 生成均线信号
2026-01-01 12:50:38,676 - fund_analyzer - INFO - 均线信号生成完成：买入信号139个，卖出信号138个
2026-01-01 12:50:38,676 - fund_analyzer - DEBUG - 计算RSI指标
2026-01-01 12:50:38,678 - fund_analyzer - DEBUG - RSI计算完成，当前值：33.95
2026-01-01 12:50:38,678 - fund_analyzer - DEBUG - 生成RSI信号
2026-01-01 12:50:38,680 - fund_analyzer - INFO - RSI信号生成完成：买入信号84个，卖出信号101个
2026-01-01 12:50:38,680 - fund_analyzer - DEBUG - 计算MACD指标
2026-01-01 12:50:38,685 - fund_analyzer - DEBUG - MACD计算完成，当前值：-0.0127
2026-01-01 12:50:38,686 - fund_analyzer - DEBUG - 生成MACD信号
2026-01-01 12:50:38,689 - fund_analyzer - INFO - MACD信号生成完成：买入信号0个，卖出信号0个
2026-01-01 12:50:38,690 - fund_analyzer - DEBUG - 计算CCI指标
2026-01-01 12:50:39,338 - fund_analyzer - DEBUG - CCI计算完成，当前值：-235.5
2026-01-01 12:50:39,338 - fund_analyzer - DEBUG - 生成CCI信号
2026-01-01 12:50:39,340 - fund_analyzer - INFO - CCI信号生成完成：买入信号116个，卖出信号137个
2026-01-01 12:50:39,341 - fund_analyzer - DEBUG - 计算布林带指标
2026-01-01 12:50:39,343 - fund_analyzer - DEBUG - 布林带计算完成，当前中轨：0.731005
2026-01-01 12:50:39,343 - fund_analyzer - DEBUG - 生成布林带信号
2026-01-01 12:50:39,345 - fund_analyzer - INFO - 布林带信号生成完成：机会买入121个，提示风险165个，
2026-01-01 12:50:39,346 - fund_analyzer - INFO - 穿越买入72个，穿越卖出90个
2026-01-01 12:50:39,347 - fund_analyzer - DEBUG - 记录最终信号分布
2026-01-01 12:50:39,348 - fund_analyzer - INFO - 基金161725在2025-12-31的最终信号：{'均线信号': '持有', 'RSI信号': '持有', 'macd信号': '持有', 'cci信号': '持有', '布林带信号': '机会买入'}
2026-01-01 12:50:39,348 - fund_analyzer - INFO - 基金161725技术指标计算和信号生成完成
2026-01-01 12:50:39,349 - fund_analyzer - INFO - 开始创建基金161725信号明细表格
2026-01-01 12:50:39,349 - fund_analyzer - DEBUG - 定义需要保留的字段列表
2026-01-01 12:50:39,349 - fund_analyzer - DEBUG - 检查数据中存在的字段
2026-01-01 12:50:39,349 - fund_analyzer - INFO - 保留字段：['基金代码', '基金名称', '基金类型', '净值日期', '均线信号', 'RSI', 'RSI信号', 'MACD', 'cci值', 'cci信号', 'macd值', 'macd信号', '布林带下轨值', '布林带中轨值', '布林带上轨值', '布林带信号']
2026-01-01 12:50:39,349 - fund_analyzer - DEBUG - 创建信号表格副本
2026-01-01 12:50:39,351 - fund_analyzer - DEBUG - 信号表格创建成功，初始行数：2583
2026-01-01 12:50:39,351 - fund_analyzer - DEBUG - 格式化净值日期为字符串格式
2026-01-01 12:50:39,355 - fund_analyzer - DEBUG - 添加报告日期：2026-01-01
2026-01-01 12:50:39,356 - fund_analyzer - INFO - 基金161725信号明细表格创建完成，共2583条记录
2026-01-01 12:50:39,357 - fund_analyzer - DEBUG - 最终表格字段：['基金代码', '基金名称', '基金类型', '净值日期', '均线信号', 'RSI', 'RSI信号', 'MACD', 'cci值', 'cci信号', 'macd值', 'macd信号', '布林带下轨值', '布林带中轨值', '布林带上轨值', '布林带信号', '报告日期']
2026-01-01 12:50:39,357 - fund_analyzer - INFO - 基金161725分析完成
2026-01-01 12:50:39,358 - fund_analyzer - DEBUG - 基金161725分析成功，添加到结果列表
2026-01-01 12:50:39,359 - fund_analyzer - DEBUG - 过滤基金161725近10天的数据
2026-01-01 12:50:39,364 - fund_analyzer - DEBUG - 最大日期：2025-12-31，截止日期：2025-12-21
2026-01-01 12:50:39,365 - fund_analyzer - INFO - 基金161725数据过滤：8/2583条记录保留
2026-01-01 12:50:39,368 - fund_analyzer - DEBUG - 基金161725信号数据已添加到总列表
2026-01-01 12:50:39,368 - fund_analyzer - DEBUG - 等待0.5秒，避免API请求过快
2026-01-01 12:50:39,869 - fund_analyzer - DEBUG - 开始分析第5/5个基金：519066
2026-01-01 12:50:39,869 - fund_analyzer - INFO - 开始分析基金：519066
2026-01-01 12:50:39,870 - fund_analyzer - INFO - 开始获取基金519066历史数据
2026-01-01 12:50:39,870 - fund_analyzer - DEBUG - 调用akshare获取基金519066单位净值走势
2026-01-01 12:50:40,292 - fund_analyzer - DEBUG - 原始数据获取成功，共4248条记录
2026-01-01 12:50:40,292 - fund_analyzer - DEBUG - 原始数据字段：['净值日期', '单位净值', '日增长率']
2026-01-01 12:50:40,292 - fund_analyzer - DEBUG - 开始数据清洗和处理
2026-01-01 12:50:40,293 - fund_analyzer - DEBUG - 净值日期转换为datetime类型完成
2026-01-01 12:50:40,294 - fund_analyzer - DEBUG - 按净值日期排序完成
2026-01-01 12:50:40,294 - fund_analyzer - DEBUG - 字段重命名完成
2026-01-01 12:50:40,294 - fund_analyzer - DEBUG - 添加基金基本信息
2026-01-01 12:50:40,294 - fund_analyzer - DEBUG - 开始获取基金519066基本信息
2026-01-01 12:51:05,301 - fund_analyzer - DEBUG - 获取基金列表成功，共25917条记录
2026-01-01 12:51:05,303 - fund_analyzer - DEBUG - 基金519066基本信息获取成功：名称=汇添富蓝筹稳健混合A, 类型=混合型-灵活
2026-01-01 12:51:05,307 - fund_analyzer - DEBUG - 基金基本信息添加完成：代码=519066, 名称=汇添富蓝筹稳健混合A, 类型=混合型-灵活
2026-01-01 12:51:05,307 - fund_analyzer - INFO - 基金519066数据获取成功，共4248条记录
2026-01-01 12:51:05,307 - fund_analyzer - DEBUG - 最终数据字段：['净值日期', '最新净值', '日增长率%', '基金代码', '基金名称', '基金类型']
2026-01-01 12:51:05,308 - fund_analyzer - INFO - 开始计算基金519066技术指标和信号
2026-01-01 12:51:05,308 - fund_analyzer - DEBUG - 计算移动平均线指标
2026-01-01 12:51:05,309 - fund_analyzer - DEBUG - MA5和MA10计算完成
2026-01-01 12:51:05,309 - fund_analyzer - DEBUG - 生成均线信号
2026-01-01 12:51:05,312 - fund_analyzer - INFO - 均线信号生成完成：买入信号232个，卖出信号229个
2026-01-01 12:51:05,314 - fund_analyzer - DEBUG - 计算RSI指标
2026-01-01 12:51:05,317 - fund_analyzer - DEBUG - RSI计算完成，当前值：61.3
2026-01-01 12:51:05,317 - fund_analyzer - DEBUG - 生成RSI信号
2026-01-01 12:51:05,318 - fund_analyzer - INFO - RSI信号生成完成：买入信号122个，卖出信号163个
2026-01-01 12:51:05,319 - fund_analyzer - DEBUG - 计算MACD指标
2026-01-01 12:51:05,321 - fund_analyzer - DEBUG - MACD计算完成，当前值：0.0383
2026-01-01 12:51:05,321 - fund_analyzer - DEBUG - 生成MACD信号
2026-01-01 12:51:05,322 - fund_analyzer - INFO - MACD信号生成完成：买入信号0个，卖出信号0个
2026-01-01 12:51:05,323 - fund_analyzer - DEBUG - 计算CCI指标
2026-01-01 12:51:07,191 - fund_analyzer - DEBUG - CCI计算完成，当前值：83.13
2026-01-01 12:51:07,191 - fund_analyzer - DEBUG - 生成CCI信号
2026-01-01 12:51:07,193 - fund_analyzer - INFO - CCI信号生成完成：买入信号214个，卖出信号259个
2026-01-01 12:51:07,193 - fund_analyzer - DEBUG - 计算布林带指标
2026-01-01 12:51:07,197 - fund_analyzer - DEBUG - 布林带计算完成，当前中轨：3.13505
2026-01-01 12:51:07,197 - fund_analyzer - DEBUG - 生成布林带信号
2026-01-01 12:51:07,200 - fund_analyzer - INFO - 布林带信号生成完成：机会买入201个，提示风险227个，
2026-01-01 12:51:07,201 - fund_analyzer - INFO - 穿越买入100个，穿越卖出127个
2026-01-01 12:51:07,201 - fund_analyzer - DEBUG - 记录最终信号分布
2026-01-01 12:51:07,203 - fund_analyzer - INFO - 基金519066在2025-12-31的最终信号：{'均线信号': '持有', 'RSI信号': '持有', 'macd信号': '持有', 'cci信号': '卖出', '布林带信号': '持有'}
2026-01-01 12:51:07,203 - fund_analyzer - INFO - 基金519066技术指标计算和信号生成完成
2026-01-01 12:51:07,203 - fund_analyzer - INFO - 开始创建基金519066信号明细表格
2026-01-01 12:51:07,203 - fund_analyzer - DEBUG - 定义需要保留的字段列表
2026-01-01 12:51:07,204 - fund_analyzer - DEBUG - 检查数据中存在的字段
2026-01-01 12:51:07,204 - fund_analyzer - INFO - 保留字段：['基金代码', '基金名称', '基金类型', '净值日期', '均线信号', 'RSI', 'RSI信号', 'MACD', 'cci值', 'cci信号', 'macd值', 'macd信号', '布林带下轨值', '布林带中轨值', '布林带上轨值', '布林带信号']
2026-01-01 12:51:07,204 - fund_analyzer - DEBUG - 创建信号表格副本
2026-01-01 12:51:07,207 - fund_analyzer - DEBUG - 信号表格创建成功，初始行数：4248
2026-01-01 12:51:07,207 - fund_analyzer - DEBUG - 格式化净值日期为字符串格式
2026-01-01 12:51:07,212 - fund_analyzer - DEBUG - 添加报告日期：2026-01-01
2026-01-01 12:51:07,213 - fund_analyzer - INFO - 基金519066信号明细表格创建完成，共4248条记录
2026-01-01 12:51:07,214 - fund_analyzer - DEBUG - 最终表格字段：['基金代码', '基金名称', '基金类型', '净值日期', '均线信号', 'RSI', 'RSI信号', 'MACD', 'cci值', 'cci信号', 'macd值', 'macd信号', '布林带下轨值', '布林带中轨值', '布林带上轨值', '布林带信号', '报告日期']
2026-01-01 12:51:07,214 - fund_analyzer - INFO - 基金519066分析完成
2026-01-01 12:51:07,215 - fund_analyzer - DEBUG - 基金519066分析成功，添加到结果列表
2026-01-01 12:51:07,224 - fund_analyzer - DEBUG - 过滤基金519066近10天的数据
2026-01-01 12:51:07,241 - fund_analyzer - DEBUG - 最大日期：2025-12-31，截止日期：2025-12-21
2026-01-01 12:51:07,242 - fund_analyzer - INFO - 基金519066数据过滤：8/4248条记录保留
2026-01-01 12:51:07,246 - fund_analyzer - DEBUG - 基金519066信号数据已添加到总列表
2026-01-01 12:51:07,246 - fund_analyzer - DEBUG - 等待0.5秒，避免API请求过快
2026-01-01 12:51:07,748 - fund_analyzer - INFO - ================================================================================
2026-01-01 12:51:07,748 - fund_analyzer - INFO - 分析完成！成功: 5/5
2026-01-01 12:51:07,749 - fund_analyzer - INFO - 总耗时: 76.5秒
2026-01-01 12:51:07,749 - fund_analyzer - INFO - ================================================================================
2026-01-01 12:51:07,749 - fund_analyzer - INFO - 开始合并所有基金信号数据
2026-01-01 12:51:07,750 - fund_analyzer - DEBUG - 共有5个基金的信号数据需要合并
2026-01-01 12:51:07,751 - fund_analyzer - INFO - 信号数据合并完成，共40行
2026-01-01 12:51:07,751 - fund_analyzer - DEBUG - 检查输出目录：output
2026-01-01 12:51:07,751 - fund_analyzer - DEBUG - 输出目录已存在：output
2026-01-01 12:51:07,751 - fund_analyzer - INFO - 开始生成信号明细CSV文件
2026-01-01 12:51:07,757 - fund_analyzer - INFO - 信号明细CSV已生成：output\信号明细_2026-01-01.csv
2026-01-01 12:51:07,757 - fund_analyzer - DEBUG - CSV文件大小：6618字节
2026-01-01 12:51:07,757 - fund_analyzer - INFO - 开始生成信号明细Excel文件
2026-01-01 12:51:08,038 - fund_analyzer - INFO - 信号明细Excel已生成：output\信号明细_2026-01-01.xlsx
2026-01-01 12:51:08,038 - fund_analyzer - DEBUG - Excel文件大小：8833字节
2026-01-01 12:51:08,038 - fund_analyzer - INFO - 开始发送邮件通知
2026-01-01 12:51:08,038 - fund_analyzer - INFO - 开始发送基金信号报告邮件，报告日期：2026-01-01
2026-01-01 12:51:08,039 - fund_analyzer - ERROR - SMTP配置不完整，无法发送邮件
2026-01-01 12:51:08,039 - fund_analyzer - ERROR - 邮件发送失败
2026-01-01 12:51:08,040 - fund_analyzer - INFO - ================================================================================
2026-01-01 12:51:08,040 - fund_analyzer - INFO - 基金信号分析系统运行完成
2026-01-01 12:51:08,040 - fund_analyzer - INFO - ================================================================================
