q去	a2026-01-01 12:48:01,835 - fund_analyzer - INFO - 初始化基金信号分析器，报告日期：2026-01-01
2026-01-01 12:48:01,837 - fund_analyzer - INFO - ================================================================================
2026-01-01 12:48:01,838 - fund_analyzer - INFO - 基金信号分析系统开始运行
2026-01-01 12:48:01,838 - fund_analyzer - INFO - 报告日期：2026-01-01
2026-01-01 12:48:01,839 - fund_analyzer - INFO - 保留天数：5
2026-01-01 12:48:01,840 - fund_analyzer - INFO - ================================================================================
2026-01-01 12:48:01,845 - fund_analyzer - INFO - 使用自定义基金列表，共2个基金
2026-01-01 12:48:01,846 - fund_analyzer - INFO - 待分析基金代码：['000001', '110022']
2026-01-01 12:48:01,846 - fund_analyzer - INFO - 开始分析基金...
2026-01-01 12:48:01,847 - fund_analyzer - DEBUG - 开始分析第1/2个基金：000001
2026-01-01 12:48:01,847 - fund_analyzer - INFO - 开始分析基金：000001
2026-01-01 12:48:01,848 - fund_analyzer - INFO - 开始获取基金000001历史数据
2026-01-01 12:48:01,848 - fund_analyzer - DEBUG - 调用akshare获取基金000001单位净值走势
2026-01-01 12:48:03,169 - fund_analyzer - DEBUG - 原始数据获取成功，共5836条记录
2026-01-01 12:48:03,169 - fund_analyzer - DEBUG - 原始数据字段：['净值日期', '单位净值', '日增长率']
2026-01-01 12:48:03,169 - fund_analyzer - DEBUG - 开始数据清洗和处理
2026-01-01 12:48:03,177 - fund_analyzer - DEBUG - 净值日期转换为datetime类型完成
2026-01-01 12:48:03,177 - fund_analyzer - DEBUG - 按净值日期排序完成
2026-01-01 12:48:03,178 - fund_analyzer - DEBUG - 字段重命名完成
2026-01-01 12:48:03,178 - fund_analyzer - DEBUG - 添加基金基本信息
2026-01-01 12:48:03,178 - fund_analyzer - DEBUG - 开始获取基金000001基本信息
2026-01-01 12:48:15,145 - fund_analyzer - DEBUG - 获取基金列表成功，共25917条记录
2026-01-01 12:48:15,149 - fund_analyzer - DEBUG - 基金000001基本信息获取成功：名称=华夏成长混合, 类型=混合型-灵活
2026-01-01 12:48:15,161 - fund_analyzer - DEBUG - 基金基本信息添加完成：代码=000001, 名称=华夏成长混合, 类型=混合型-灵活
2026-01-01 12:48:15,161 - fund_analyzer - INFO - 基金000001数据获取成功，共5836条记录
2026-01-01 12:48:15,178 - fund_analyzer - DEBUG - 最终数据字段：['净值日期', '最新净值', '日增长率%', '基金代码', '基金名称', '基金类型']
2026-01-01 12:48:15,180 - fund_analyzer - INFO - 开始计算基金000001技术指标和信号
2026-01-01 12:48:15,194 - fund_analyzer - DEBUG - 计算移动平均线指标
2026-01-01 12:48:15,201 - fund_analyzer - DEBUG - MA5和MA10计算完成
2026-01-01 12:48:15,201 - fund_analyzer - DEBUG - 生成均线信号
2026-01-01 12:48:15,209 - fund_analyzer - INFO - 均线信号生成完成：买入信号298个，卖出信号295个
2026-01-01 12:48:15,234 - fund_analyzer - DEBUG - 计算RSI指标
2026-01-01 12:48:15,245 - fund_analyzer - DEBUG - RSI计算完成，当前值：61.69
2026-01-01 12:48:15,245 - fund_analyzer - DEBUG - 生成RSI信号
2026-01-01 12:48:15,248 - fund_analyzer - INFO - RSI信号生成完成：买入信号179个，卖出信号221个
2026-01-01 12:48:15,261 - fund_analyzer - DEBUG - 计算MACD指标
2026-01-01 12:48:15,280 - fund_analyzer - DEBUG - MACD计算完成，当前值：0.0104
2026-01-01 12:48:15,280 - fund_analyzer - DEBUG - 生成MACD信号
2026-01-01 12:48:15,295 - fund_analyzer - INFO - MACD信号生成完成：买入信号0个，卖出信号0个
2026-01-01 12:48:15,310 - fund_analyzer - DEBUG - 计算CCI指标
2026-01-01 12:48:19,862 - fund_analyzer - DEBUG - CCI计算完成，当前值：108.51
2026-01-01 12:48:19,862 - fund_analyzer - DEBUG - 生成CCI信号
2026-01-01 12:48:19,882 - fund_analyzer - INFO - CCI信号生成完成：买入信号305个，卖出信号343个
2026-01-01 12:48:19,911 - fund_analyzer - DEBUG - 计算布林带指标
2026-01-01 12:48:19,916 - fund_analyzer - DEBUG - 布林带计算完成，当前中轨：1.0587
2026-01-01 12:48:19,916 - fund_analyzer - DEBUG - 生成布林带信号
2026-01-01 12:48:19,929 - fund_analyzer - INFO - 布林带信号生成完成：机会买入328个，提示风险292个，
2026-01-01 12:48:19,963 - fund_analyzer - INFO - 穿越买入171个，穿越卖出160个
2026-01-01 12:48:20,012 - fund_analyzer - DEBUG - 记录最终信号分布
2026-01-01 12:48:20,014 - fund_analyzer - INFO - 基金000001在2025-12-31的最终信号：{'均线信号': '持有', 'RSI信号': '持有', 'macd信号': '持有', 'cci信号': '持有', '布林带信号': '持有'}
2026-01-01 12:48:20,073 - fund_analyzer - INFO - 基金000001技术指标计算和信号生成完成
2026-01-01 12:48:20,107 - fund_analyzer - INFO - 开始创建基金000001信号明细表格
2026-01-01 12:48:20,116 - fund_analyzer - DEBUG - 定义需要保留的字段列表
2026-01-01 12:48:20,124 - fund_analyzer - DEBUG - 检查数据中存在的字段
2026-01-01 12:48:20,125 - fund_analyzer - INFO - 保留字段：['基金代码', '基金名称', '基金类型', '净值日期', '均线信号', 'RSI', 'RSI信号', 'MACD', 'cci值', 'cci信号', 'macd值', 'macd信号', '布林带下轨值', '布林带中轨值', '布林带上轨值', '布林带信号']
2026-01-01 12:48:20,130 - fund_analyzer - DEBUG - 创建信号表格副本
2026-01-01 12:48:20,161 - fund_analyzer - DEBUG - 信号表格创建成功，初始行数：5836
2026-01-01 12:48:20,162 - fund_analyzer - DEBUG - 格式化净值日期为字符串格式
2026-01-01 12:48:20,174 - fund_analyzer - DEBUG - 添加报告日期：2026-01-01
2026-01-01 12:48:20,175 - fund_analyzer - INFO - 基金000001信号明细表格创建完成，共5836条记录
2026-01-01 12:48:20,178 - fund_analyzer - DEBUG - 最终表格字段：['基金代码', '基金名称', '基金类型', '净值日期', '均线信号', 'RSI', 'RSI信号', 'MACD', 'cci值', 'cci信号', 'macd值', 'macd信号', '布林带下轨值', '布林带中轨值', '布林带上轨值', '布林带信号', '报告日期']
2026-01-01 12:48:20,179 - fund_analyzer - INFO - 基金000001分析完成
2026-01-01 12:48:20,189 - fund_analyzer - DEBUG - 基金000001分析成功，添加到结果列表
2026-01-01 12:48:20,191 - fund_analyzer - DEBUG - 过滤基金000001近5天的数据
2026-01-01 12:48:20,198 - fund_analyzer - DEBUG - 最大日期：2025-12-31，截止日期：2025-12-26
2026-01-01 12:48:20,199 - fund_analyzer - INFO - 基金000001数据过滤：4/5836条记录保留
2026-01-01 12:48:20,226 - fund_analyzer - DEBUG - 基金000001信号数据已添加到总列表
2026-01-01 12:48:20,226 - fund_analyzer - DEBUG - 等待0.5秒，避免API请求过快
2026-01-01 12:48:20,727 - fund_analyzer - DEBUG - 开始分析第2/2个基金：110022
2026-01-01 12:48:20,728 - fund_analyzer - INFO - 开始分析基金：110022
2026-01-01 12:48:20,729 - fund_analyzer - INFO - 开始获取基金110022历史数据
2026-01-01 12:48:20,730 - fund_analyzer - DEBUG - 调用akshare获取基金110022单位净值走势
2026-01-01 12:48:22,598 - fund_analyzer - DEBUG - 原始数据获取成功，共3716条记录
2026-01-01 12:48:22,598 - fund_analyzer - DEBUG - 原始数据字段：['净值日期', '单位净值', '日增长率']
2026-01-01 12:48:22,598 - fund_analyzer - DEBUG - 开始数据清洗和处理
2026-01-01 12:48:22,599 - fund_analyzer - DEBUG - 净值日期转换为datetime类型完成
2026-01-01 12:48:22,599 - fund_analyzer - DEBUG - 按净值日期排序完成
2026-01-01 12:48:22,600 - fund_analyzer - DEBUG - 字段重命名完成
2026-01-01 12:48:22,600 - fund_analyzer - DEBUG - 添加基金基本信息
2026-01-01 12:48:22,600 - fund_analyzer - DEBUG - 开始获取基金110022基本信息
2026-01-01 12:48:42,623 - fund_analyzer - DEBUG - 获取基金列表成功，共25917条记录
2026-01-01 12:48:42,625 - fund_analyzer - DEBUG - 基金110022基本信息获取成功：名称=易方达消费行业股票, 类型=股票型
2026-01-01 12:48:42,635 - fund_analyzer - DEBUG - 基金基本信息添加完成：代码=110022, 名称=易方达消费行业股票, 类型=股票型
2026-01-01 12:48:42,635 - fund_analyzer - INFO - 基金110022数据获取成功，共3716条记录
2026-01-01 12:48:42,636 - fund_analyzer - DEBUG - 最终数据字段：['净值日期', '最新净值', '日增长率%', '基金代码', '基金名称', '基金类型']
2026-01-01 12:48:42,636 - fund_analyzer - INFO - 开始计算基金110022技术指标和信号
2026-01-01 12:48:42,637 - fund_analyzer - DEBUG - 计算移动平均线指标
2026-01-01 12:48:42,638 - fund_analyzer - DEBUG - MA5和MA10计算完成
2026-01-01 12:48:42,638 - fund_analyzer - DEBUG - 生成均线信号
2026-01-01 12:48:42,641 - fund_analyzer - INFO - 均线信号生成完成：买入信号203个，卖出信号205个
2026-01-01 12:48:42,641 - fund_analyzer - DEBUG - 计算RSI指标
2026-01-01 12:48:42,652 - fund_analyzer - DEBUG - RSI计算完成，当前值：37.27
2026-01-01 12:48:42,652 - fund_analyzer - DEBUG - 生成RSI信号
2026-01-01 12:48:42,654 - fund_analyzer - INFO - RSI信号生成完成：买入信号97个，卖出信号136个
2026-01-01 12:48:42,654 - fund_analyzer - DEBUG - 计算MACD指标
2026-01-01 12:48:42,657 - fund_analyzer - DEBUG - MACD计算完成，当前值：-0.0265
2026-01-01 12:48:42,657 - fund_analyzer - DEBUG - 生成MACD信号
2026-01-01 12:48:42,659 - fund_analyzer - INFO - MACD信号生成完成：买入信号0个，卖出信号0个
2026-01-01 12:48:42,659 - fund_analyzer - DEBUG - 计算CCI指标
2026-01-01 12:48:43,891 - fund_analyzer - DEBUG - CCI计算完成，当前值：-170.25
2026-01-01 12:48:43,891 - fund_analyzer - DEBUG - 生成CCI信号
2026-01-01 12:48:43,893 - fund_analyzer - INFO - CCI信号生成完成：买入信号199个，卖出信号205个
2026-01-01 12:48:43,895 - fund_analyzer - DEBUG - 计算布林带指标
2026-01-01 12:48:43,897 - fund_analyzer - DEBUG - 布林带计算完成，当前中轨：3.4994500000000004
2026-01-01 12:48:43,897 - fund_analyzer - DEBUG - 生成布林带信号
2026-01-01 12:48:43,901 - fund_analyzer - INFO - 布林带信号生成完成：机会买入153个，提示风险235个，
2026-01-01 12:48:43,902 - fund_analyzer - INFO - 穿越买入90个，穿越卖出114个
2026-01-01 12:48:43,903 - fund_analyzer - DEBUG - 记录最终信号分布
2026-01-01 12:48:43,905 - fund_analyzer - INFO - 基金110022在2025-12-31的最终信号：{'均线信号': '持有', 'RSI信号': '持有', 'macd信号': '持有', 'cci信号': '持有', '布林带信号': '持有'}
2026-01-01 12:48:43,905 - fund_analyzer - INFO - 基金110022技术指标计算和信号生成完成
2026-01-01 12:48:43,906 - fund_analyzer - INFO - 开始创建基金110022信号明细表格
2026-01-01 12:48:43,906 - fund_analyzer - DEBUG - 定义需要保留的字段列表
2026-01-01 12:48:43,906 - fund_analyzer - DEBUG - 检查数据中存在的字段
2026-01-01 12:48:43,906 - fund_analyzer - INFO - 保留字段：['基金代码', '基金名称', '基金类型', '净值日期', '均线信号', 'RSI', 'RSI信号', 'MACD', 'cci值', 'cci信号', 'macd值', 'macd信号', '布林带下轨值', '布林带中轨值', '布林带上轨值', '布林带信号']
2026-01-01 12:48:43,907 - fund_analyzer - DEBUG - 创建信号表格副本
2026-01-01 12:48:43,917 - fund_analyzer - DEBUG - 信号表格创建成功，初始行数：3716
2026-01-01 12:48:43,917 - fund_analyzer - DEBUG - 格式化净值日期为字符串格式
2026-01-01 12:48:43,920 - fund_analyzer - DEBUG - 添加报告日期：2026-01-01
2026-01-01 12:48:43,921 - fund_analyzer - INFO - 基金110022信号明细表格创建完成，共3716条记录
2026-01-01 12:48:43,922 - fund_analyzer - DEBUG - 最终表格字段：['基金代码', '基金名称', '基金类型', '净值日期', '均线信号', 'RSI', 'RSI信号', 'MACD', 'cci值', 'cci信号', 'macd值', 'macd信号', '布林带下轨值', '布林带中轨值', '布林带上轨值', '布林带信号', '报告日期']
2026-01-01 12:48:43,922 - fund_analyzer - INFO - 基金110022分析完成
2026-01-01 12:48:43,923 - fund_analyzer - DEBUG - 基金110022分析成功，添加到结果列表
2026-01-01 12:48:43,924 - fund_analyzer - DEBUG - 过滤基金110022近5天的数据
2026-01-01 12:48:43,934 - fund_analyzer - DEBUG - 最大日期：2025-12-31，截止日期：2025-12-26
2026-01-01 12:48:43,935 - fund_analyzer - INFO - 基金110022数据过滤：4/3716条记录保留
2026-01-01 12:48:43,937 - fund_analyzer - DEBUG - 基金110022信号数据已添加到总列表
2026-01-01 12:48:43,937 - fund_analyzer - DEBUG - 等待0.5秒，避免API请求过快
2026-01-01 12:48:44,440 - fund_analyzer - INFO - ================================================================================
2026-01-01 12:48:44,441 - fund_analyzer - INFO - 分析完成！成功: 2/2
2026-01-01 12:48:44,442 - fund_analyzer - INFO - 总耗时: 42.6秒
2026-01-01 12:48:44,442 - fund_analyzer - INFO - ================================================================================
2026-01-01 12:48:44,445 - fund_analyzer - INFO - 开始合并所有基金信号数据
2026-01-01 12:48:44,446 - fund_analyzer - DEBUG - 共有2个基金的信号数据需要合并
2026-01-01 12:48:44,447 - fund_analyzer - INFO - 信号数据合并完成，共8行
2026-01-01 12:48:44,448 - fund_analyzer - DEBUG - 检查输出目录：output
2026-01-01 12:48:44,448 - fund_analyzer - DEBUG - 输出目录已存在：output
2026-01-01 12:48:44,448 - fund_analyzer - INFO - 开始生成信号明细CSV文件
2026-01-01 12:48:44,453 - fund_analyzer - INFO - 信号明细CSV已生成：output\信号明细_2026-01-01.csv
2026-01-01 12:48:44,454 - fund_analyzer - DEBUG - CSV文件大小：1457字节
2026-01-01 12:48:44,454 - fund_analyzer - INFO - 开始生成信号明细Excel文件
2026-01-01 12:48:44,768 - fund_analyzer - INFO - 信号明细Excel已生成：output\信号明细_2026-01-01.xlsx
2026-01-01 12:48:44,769 - fund_analyzer - DEBUG - Excel文件大小：5960字节
2026-01-01 12:48:44,769 - fund_analyzer - INFO - 开始发送邮件通知
2026-01-01 12:48:44,769 - fund_analyzer - INFO - 开始发送基金信号报告邮件，报告日期：2026-01-01
2026-01-01 12:48:44,769 - fund_analyzer - ERROR - SMTP配置不完整，无法发送邮件
2026-01-01 12:48:44,770 - fund_analyzer - ERROR - 邮件发送失败
2026-01-01 12:48:44,770 - fund_analyzer - INFO - ================================================================================
2026-01-01 12:48:44,770 - fund_analyzer - INFO - 基金信号分析系统运行完成
2026-01-01 12:48:44,771 - fund_analyzer - INFO - ================================================================================
